{"contracts\\HashTimeLock.sol":{"l":{"65":7,"66":7,"68":7,"70":7,"72":7,"76":7,"78":7,"90":7,"104":5,"106":5,"108":5,"110":3,"112":1,"114":1,"116":1,"120":3,"122":3,"124":3,"126":1,"128":1,"130":1,"134":0,"136":0,"137":0,"140":0,"144":3,"146":3,"150":0,"152":3,"157":2,"159":2,"160":1,"162":1},"path":"C:\\Users\\enriq\\Accenture\\Cactus\\packages\\cactus-plugin-htlc-eth-besu\\contracts\\contracts\\HashTimeLock.sol","s":{"1":7,"2":7,"3":7,"4":7,"5":7,"6":7,"7":7,"8":7,"9":5,"10":5,"11":5,"12":3,"13":1,"14":1,"15":1,"16":3,"17":3,"18":3,"19":1,"20":1,"21":1,"22":0,"23":0,"24":0,"25":0,"26":3,"27":3,"28":0,"29":3,"30":2,"31":2,"32":1,"33":1},"b":{"1":[7,0],"2":[7,0],"3":[7,0],"4":[5,0],"5":[3,2],"6":[1,2],"7":[3,0],"8":[1,2],"9":[0,3],"10":[1,1]},"f":{"1":7,"2":5,"3":3,"4":0,"5":3,"6":2},"fnMap":{"1":{"name":"newContract","line":57,"loc":{"start":{"line":57,"column":4},"end":{"line":101,"column":4}}},"2":{"name":"withdraw","line":103,"loc":{"start":{"line":103,"column":4},"end":{"line":117,"column":4}}},"3":{"name":"refund","line":119,"loc":{"start":{"line":119,"column":4},"end":{"line":131,"column":4}}},"4":{"name":"getStatus","line":133,"loc":{"start":{"line":133,"column":4},"end":{"line":141,"column":4}}},"5":{"name":"getSingleStatus","line":143,"loc":{"start":{"line":143,"column":4},"end":{"line":154,"column":4}}},"6":{"name":"contractExists","line":156,"loc":{"start":{"line":156,"column":4},"end":{"line":164,"column":4}}}},"statementMap":{"1":{"start":{"line":65,"column":8},"end":{"line":65,"column":43}},"2":{"start":{"line":66,"column":8},"end":{"line":66,"column":39}},"3":{"start":{"line":68,"column":8},"end":{"line":68,"column":60}},"4":{"start":{"line":70,"column":8},"end":{"line":70,"column":49}},"5":{"start":{"line":72,"column":8},"end":{"line":72,"column":2116}},"6":{"start":{"line":76,"column":8},"end":{"line":76,"column":62}},"7":{"start":{"line":78,"column":8},"end":{"line":78,"column":2310}},"8":{"start":{"line":90,"column":8},"end":{"line":90,"column":2585}},"9":{"start":{"line":104,"column":8},"end":{"line":104,"column":46}},"10":{"start":{"line":106,"column":8},"end":{"line":106,"column":53}},"11":{"start":{"line":108,"column":8},"end":{"line":108,"column":62}},"12":{"start":{"line":110,"column":8},"end":{"line":110,"column":79}},"13":{"start":{"line":112,"column":8},"end":{"line":112,"column":27}},"14":{"start":{"line":114,"column":8},"end":{"line":114,"column":41}},"15":{"start":{"line":116,"column":8},"end":{"line":116,"column":67}},"16":{"start":{"line":120,"column":8},"end":{"line":120,"column":46}},"17":{"start":{"line":122,"column":8},"end":{"line":122,"column":53}},"18":{"start":{"line":124,"column":8},"end":{"line":124,"column":63}},"19":{"start":{"line":126,"column":8},"end":{"line":126,"column":26}},"20":{"start":{"line":128,"column":8},"end":{"line":128,"column":39}},"21":{"start":{"line":130,"column":8},"end":{"line":130,"column":57}},"22":{"start":{"line":134,"column":8},"end":{"line":134,"column":59}},"23":{"start":{"line":136,"column":8},"end":{"line":136,"column":3853}},"24":{"start":{"line":137,"column":12},"end":{"line":137,"column":54}},"25":{"start":{"line":140,"column":8},"end":{"line":140,"column":21}},"26":{"start":{"line":144,"column":8},"end":{"line":144,"column":56}},"27":{"start":{"line":146,"column":8},"end":{"line":146,"column":4163}},"28":{"start":{"line":150,"column":12},"end":{"line":150,"column":27}},"29":{"start":{"line":152,"column":12},"end":{"line":152,"column":39}},"30":{"start":{"line":157,"column":8},"end":{"line":157,"column":56}},"31":{"start":{"line":159,"column":8},"end":{"line":159,"column":4541}},"32":{"start":{"line":160,"column":12},"end":{"line":160,"column":24}},"33":{"start":{"line":162,"column":12},"end":{"line":162,"column":23}}},"branchMap":{"1":{"line":68,"type":"if","locations":[{"start":{"line":68,"column":8},"end":{"line":68,"column":8}},{"start":{"line":68,"column":8},"end":{"line":68,"column":8}}]},"2":{"line":70,"type":"if","locations":[{"start":{"line":70,"column":8},"end":{"line":70,"column":8}},{"start":{"line":70,"column":8},"end":{"line":70,"column":8}}]},"3":{"line":76,"type":"if","locations":[{"start":{"line":76,"column":8},"end":{"line":76,"column":8}},{"start":{"line":76,"column":8},"end":{"line":76,"column":8}}]},"4":{"line":106,"type":"if","locations":[{"start":{"line":106,"column":8},"end":{"line":106,"column":8}},{"start":{"line":106,"column":8},"end":{"line":106,"column":8}}]},"5":{"line":108,"type":"if","locations":[{"start":{"line":108,"column":8},"end":{"line":108,"column":8}},{"start":{"line":108,"column":8},"end":{"line":108,"column":8}}]},"6":{"line":110,"type":"if","locations":[{"start":{"line":110,"column":8},"end":{"line":110,"column":8}},{"start":{"line":110,"column":8},"end":{"line":110,"column":8}}]},"7":{"line":122,"type":"if","locations":[{"start":{"line":122,"column":8},"end":{"line":122,"column":8}},{"start":{"line":122,"column":8},"end":{"line":122,"column":8}}]},"8":{"line":124,"type":"if","locations":[{"start":{"line":124,"column":8},"end":{"line":124,"column":8}},{"start":{"line":124,"column":8},"end":{"line":124,"column":8}}]},"9":{"line":146,"type":"if","locations":[{"start":{"line":146,"column":8},"end":{"line":146,"column":8}},{"start":{"line":146,"column":8},"end":{"line":146,"column":8}}]},"10":{"line":159,"type":"if","locations":[{"start":{"line":159,"column":8},"end":{"line":159,"column":8}},{"start":{"line":159,"column":8},"end":{"line":159,"column":8}}]}}}}